This is pdfTeX, Version 3.141592653-2.6-1.40.24 (MiKTeX 22.7) (preloaded format=latex 2022.11.3)  12 JAN 2023 16:25
entering extended mode
 restricted \write18 enabled.
 %&-line parsing enabled.
**./media/Tex/0089f9b17eff62e2.tex
(media/Tex/0089f9b17eff62e2.tex
LaTeX2e <2022-06-01> patch level 5
L3 programming layer <2022-07-04>
(C:\Users\AdriánMartínDinnbier\AppData\Local\Programs\MiKTeX\tex/latex/standa
lone\standalone.cls
Document Class: standalone 2018/03/26 v1.3a Class to compile TeX sub-files stan
dalone

(C:\Users\AdriánMartínDinnbier\AppData\Local\Programs\MiKTeX\tex/latex/tools\
shellesc.sty
Package: shellesc 2019/11/08 v1.0c unified shell escape interface for LaTeX
Package shellesc Info: Restricted shell escape enabled on input line 77.
)
(C:\Users\AdriánMartínDinnbier\AppData\Local\Programs\MiKTeX\tex/generic/ifte
x\ifluatex.sty
Package: ifluatex 2019/10/25 v1.5 ifluatex legacy package. Use iftex instead.

(C:\Users\AdriánMartínDinnbier\AppData\Local\Programs\MiKTeX\tex/generic/ifte
x\iftex.sty
Package: iftex 2022/02/03 v1.0f TeX engine tests
))
(C:\Users\AdriánMartínDinnbier\AppData\Local\Programs\MiKTeX\tex/latex/xkeyva
l\xkeyval.sty
Package: xkeyval 2022/06/16 v2.9 package option processing (HA)

(C:\Users\AdriánMartínDinnbier\AppData\Local\Programs\MiKTeX\tex/generic/xkey
val\xkeyval.tex
(C:\Users\AdriánMartínDinnbier\AppData\Local\Programs\MiKTeX\tex/generic/xkey
val\xkvutils.tex
\XKV@toks=\toks16
\XKV@tempa@toks=\toks17

(C:\Users\AdriánMartínDinnbier\AppData\Local\Programs\MiKTeX\tex/generic/xkey
val\keyval.tex))
\XKV@depth=\count185
File: xkeyval.tex 2014/12/03 v2.7a key=value parser (HA)
))
\sa@internal=\count186
\c@sapage=\count187

(C:\Users\AdriánMartínDinnbier\AppData\Local\Programs\MiKTeX\tex/latex/standa
lone\standalone.cfg
File: standalone.cfg 2018/03/26 v1.3a Default configuration file for 'standalon
e' class
)
(C:\Users\AdriánMartínDinnbier\AppData\Local\Programs\MiKTeX\tex/latex/base\a
rticle.cls
Document Class: article 2021/10/04 v1.4n Standard LaTeX document class

(C:\Users\AdriánMartínDinnbier\AppData\Local\Programs\MiKTeX\tex/latex/base\s
ize10.clo
File: size10.clo 2021/10/04 v1.4n Standard LaTeX file (size option)
)
\c@part=\count188
\c@section=\count189
\c@subsection=\count190
\c@subsubsection=\count191
\c@paragraph=\count192
\c@subparagraph=\count193
\c@figure=\count194
\c@table=\count195
\abovecaptionskip=\skip47
\belowcaptionskip=\skip48
\bibindent=\dimen138
)
(C:\Users\AdriánMartínDinnbier\AppData\Local\Programs\MiKTeX\tex/latex/previe
w\preview.sty
Package: preview 2017/04/24 13.1 (AUCTeX/preview-latex)

(C:\Users\AdriánMartínDinnbier\AppData\Local\Programs\MiKTeX\tex/latex/luatex
85\luatex85.sty
Package: luatex85 2016/06/15 v1.4 pdftex aliases for luatex
)
(C:\Users\AdriánMartínDinnbier\AppData\Local\Programs\MiKTeX\tex/latex/previe
w\prtightpage.def
\PreviewBorder=\dimen139
)
\pr@snippet=\count196
\pr@box=\box51
\pr@output=\toks18
))
(C:\Users\AdriánMartínDinnbier\AppData\Local\Programs\MiKTeX\tex/generic/babe
l\babel.sty
Package: babel 2022/06/26 3.77 The Babel package
\babel@savecnt=\count197
\U@D=\dimen140
\l@unhyphenated=\language79

(C:\Users\AdriánMartínDinnbier\AppData\Local\Programs\MiKTeX\tex/generic/babe
l\txtbabel.def)
\bbl@readstream=\read2
\bbl@dirlevel=\count198
*************************************
* Local config file bblopts.cfg used
*

(C:\Users\AdriánMartínDinnbier\AppData\Local\Programs\MiKTeX\tex/latex/arabi\
bblopts.cfg
File: bblopts.cfg 2005/09/08 v0.1 add Arabic and Farsi to "declared" options of
 babel
)
(C:\Users\AdriánMartínDinnbier\AppData\Local\Programs\MiKTeX\tex/latex/babel-
english\english.ldf
Language: english 2017/06/06 v3.3r English support from the babel system
Package babel Info: Hyphen rules for 'canadian' set to \l@english
(babel)             (\language0). Reported on input line 102.
Package babel Info: Hyphen rules for 'australian' set to \l@ukenglish
(babel)             (\language73). Reported on input line 105.
Package babel Info: Hyphen rules for 'newzealand' set to \l@ukenglish
(babel)             (\language73). Reported on input line 108.
))
(C:\Users\AdriánMartínDinnbier\AppData\Local\Programs\MiKTeX\tex/generic/babe
l/locale/en\babel-english.tex
Package babel Info: Importing font and identification data for english
(babel)             from babel-en.ini. Reported on input line 11.
)
(C:\Users\AdriánMartínDinnbier\AppData\Local\Programs\MiKTeX\tex/latex/amsmat
h\amsmath.sty
Package: amsmath 2022/04/08 v2.17n AMS math features
\@mathmargin=\skip49
For additional information on amsmath, use the `?' option.

(C:\Users\AdriánMartínDinnbier\AppData\Local\Programs\MiKTeX\tex/latex/amsmat
h\amstext.sty
Package: amstext 2021/08/26 v2.01 AMS text

(C:\Users\AdriánMartínDinnbier\AppData\Local\Programs\MiKTeX\tex/latex/amsmat
h\amsgen.sty
File: amsgen.sty 1999/11/30 v2.0 generic functions
\@emptytoks=\toks19
\ex@=\dimen141
))
(C:\Users\AdriánMartínDinnbier\AppData\Local\Programs\MiKTeX\tex/latex/amsmat
h\amsbsy.sty
Package: amsbsy 1999/11/29 v1.2d Bold Symbols
\pmbraise@=\dimen142
)
(C:\Users\AdriánMartínDinnbier\AppData\Local\Programs\MiKTeX\tex/latex/amsmat
h\amsopn.sty
Package: amsopn 2022/04/08 v2.04 operator names
)
\inf@bad=\count199
LaTeX Info: Redefining \frac on input line 234.
\uproot@=\count266
\leftroot@=\count267
LaTeX Info: Redefining \overline on input line 399.
LaTeX Info: Redefining \colon on input line 410.
\classnum@=\count268
\DOTSCASE@=\count269
LaTeX Info: Redefining \ldots on input line 496.
LaTeX Info: Redefining \dots on input line 499.
LaTeX Info: Redefining \cdots on input line 620.
\Mathstrutbox@=\box52
\strutbox@=\box53
LaTeX Info: Redefining \big on input line 722.
LaTeX Info: Redefining \Big on input line 723.
LaTeX Info: Redefining \bigg on input line 724.
LaTeX Info: Redefining \Bigg on input line 725.
\big@size=\dimen143
LaTeX Font Info:    Redeclaring font encoding OML on input line 743.
LaTeX Font Info:    Redeclaring font encoding OMS on input line 744.
\macc@depth=\count270
LaTeX Info: Redefining \bmod on input line 905.
LaTeX Info: Redefining \pmod on input line 910.
LaTeX Info: Redefining \smash on input line 940.
LaTeX Info: Redefining \relbar on input line 970.
LaTeX Info: Redefining \Relbar on input line 971.
\c@MaxMatrixCols=\count271
\dotsspace@=\muskip16
\c@parentequation=\count272
\dspbrk@lvl=\count273
\tag@help=\toks20
\row@=\count274
\column@=\count275
\maxfields@=\count276
\andhelp@=\toks21
\eqnshift@=\dimen144
\alignsep@=\dimen145
\tagshift@=\dimen146
\tagwidth@=\dimen147
\totwidth@=\dimen148
\lineht@=\dimen149
\@envbody=\toks22
\multlinegap=\skip50
\multlinetaggap=\skip51
\mathdisplay@stack=\toks23
LaTeX Info: Redefining \[ on input line 2953.
LaTeX Info: Redefining \] on input line 2954.
)
(C:\Users\AdriánMartínDinnbier\AppData\Local\Programs\MiKTeX\tex/latex/amsfon
ts\amssymb.sty
Package: amssymb 2013/01/14 v3.01 AMS font symbols

(C:\Users\AdriánMartínDinnbier\AppData\Local\Programs\MiKTeX\tex/latex/amsfon
ts\amsfonts.sty
Package: amsfonts 2013/01/14 v3.01 Basic AMSFonts support
\symAMSa=\mathgroup4
\symAMSb=\mathgroup5
LaTeX Font Info:    Redeclaring math symbol \hbar on input line 98.
LaTeX Font Info:    Overwriting math alphabet `\mathfrak' in version `bold'
(Font)                  U/euf/m/n --> U/euf/b/n on input line 106.
))
(C:\Users\AdriánMartínDinnbier\AppData\Local\Programs\MiKTeX\tex/latex/l3back
end\l3backend-dvips.def
File: l3backend-dvips.def 2022-07-01 L3 backend support: dvips
\l__pdf_internal_box=\box54
\g__pdf_backend_object_int=\count277
\l__pdf_backend_content_box=\box55
\l__pdf_backend_model_box=\box56
\g__pdf_backend_annotation_int=\count278
\g__pdf_backend_link_int=\count279
\g__pdf_backend_link_sf_int=\count280
)
No file 0089f9b17eff62e2.aux.
\openout1 = `0089f9b17eff62e2.aux'.

LaTeX Font Info:    Checking defaults for OML/cmm/m/it on input line 7.
LaTeX Font Info:    ... okay on input line 7.
LaTeX Font Info:    Checking defaults for OMS/cmsy/m/n on input line 7.
LaTeX Font Info:    ... okay on input line 7.
LaTeX Font Info:    Checking defaults for OT1/cmr/m/n on input line 7.
LaTeX Font Info:    ... okay on input line 7.
LaTeX Font Info:    Checking defaults for T1/cmr/m/n on input line 7.
LaTeX Font Info:    ... okay on input line 7.
LaTeX Font Info:    Checking defaults for TS1/cmr/m/n on input line 7.
LaTeX Font Info:    ... okay on input line 7.
LaTeX Font Info:    Checking defaults for OMX/cmex/m/n on input line 7.
LaTeX Font Info:    ... okay on input line 7.
LaTeX Font Info:    Checking defaults for U/cmr/m/n on input line 7.
LaTeX Font Info:    ... okay on input line 7.
Preview: Fontsize 10pt
Preview: Tightpage 0 0 0 0
[1]
(C:\Users\AdriánMartínDinnbier\OneDrive - El Pilar Valencia\GitHub\manim_anim
ations\Manim-animations\media\Tex\0089f9b17eff62e2.aux) ) 
Here is how much of TeX's memory you used:
 3400 strings out of 478339
 58406 string characters out of 2828702
 363796 words of memory out of 3000000
 21829 multiletter control sequences out of 15000+600000
 469259 words of font info for 28 fonts, out of 8000000 for 9000
 1141 hyphenation exceptions out of 8191
 55i,2n,71p,244b,104s stack positions out of 10000i,1000n,20000p,200000b,80000s

Output written on "C:\Users\AdriánMartínDinnbier\OneDrive - El Pilar Valencia
\GitHub\manim_animations\Manim-animations\media\Tex\0089f9b17eff62e2.dvi" (1 pa
ge, 1604 bytes).
